Interaktiver Telegram-Bot-Dienst gestartet...
Fehler in der Polling-Schleife: The read operation timed out
Fehler in der Polling-Schleife: The read operation timed out
Fehler in der Polling-Schleife: [Errno 54] Connection reset by peer
Fehler in der Polling-Schleife: [Errno 54] Connection reset by peer
Fehler in der Polling-Schleife: The read operation timed out
Fehler in der Polling-Schleife: [Errno 54] Connection reset by peer
Fehler in der Polling-Schleife: The read operation timed out
Fehler in der Polling-Schleife: [Errno 54] Connection reset by peer
Fehler in der Polling-Schleife: [Errno 54] Connection reset by peer
Fehler in der Polling-Schleife: The read operation timed out
Fehler in der Polling-Schleife: The read operation timed out
Fehler in der Polling-Schleife: The read operation timed out
Fehler in der Polling-Schleife: The read operation timed out
Fehler in der Polling-Schleife: The read operation timed out
Fehler in der Polling-Schleife: The read operation timed out
Fehler in der Polling-Schleife: [Errno 54] Connection reset by peer
Fehler in der Polling-Schleife: [Errno 54] Connection reset by peer
Fehler in der Polling-Schleife: [Errno 54] Connection reset by peer
Fehler in der Polling-Schleife: [Errno 54] Connection reset by peer
Fehler in der Polling-Schleife: The read operation timed out
Fehler in der Polling-Schleife: The read operation timed out
Fehler in der Polling-Schleife: The read operation timed out
Fehler in der Polling-Schleife: The read operation timed out
Fehler in der Polling-Schleife: The read operation timed out
Fehler in der Polling-Schleife: The read operation timed out
Fehler in der Polling-Schleife: The read operation timed out
Fehler in der Polling-Schleife: The read operation timed out
Fehler in der Polling-Schleife: The read operation timed out
Fehler in der Polling-Schleife: The read operation timed out
Fehler in der Polling-Schleife: The read operation timed out
Fehler in der Polling-Schleife: The read operation timed out
Fehler in der Polling-Schleife: The read operation timed out
Fehler in der Polling-Schleife: The read operation timed out
Fehler in der Polling-Schleife: [Errno 54] Connection reset by peer
Fehler in der Polling-Schleife: The read operation timed out
Fehler in der Polling-Schleife: The read operation timed out
Fehler in der Polling-Schleife: The read operation timed out
Fehler in der Polling-Schleife: [Errno 54] Connection reset by peer
Fehler in der Polling-Schleife: The read operation timed out
Fehler in der Polling-Schleife: The read operation timed out
Fehler in der Polling-Schleife: The read operation timed out
Fehler in der Polling-Schleife: The read operation timed out
Fehler in der Polling-Schleife: The read operation timed out
Fehler in der Polling-Schleife: The read operation timed out
Fehler in der Polling-Schleife: The read operation timed out
Fehler in der Polling-Schleife: [Errno 54] Connection reset by peer
Fehler in der Polling-Schleife: The read operation timed out
Fehler in der Polling-Schleife: The read operation timed out
Fehler in der Polling-Schleife: [Errno 54] Connection reset by peer
Fehler in der Polling-Schleife: The read operation timed out
Fehler in der Polling-Schleife: The read operation timed out
Fehler in der Polling-Schleife: The read operation timed out
Fehler in der Polling-Schleife: The read operation timed out
Fehler in der Polling-Schleife: The read operation timed out
Fehler in der Polling-Schleife: The read operation timed out
Fehler in der Polling-Schleife: The read operation timed out
Fehler in der Polling-Schleife: The read operation timed out
Fehler in der Polling-Schleife: The read operation timed out
Fehler in der Polling-Schleife: The read operation timed out
Fehler in der Polling-Schleife: The read operation timed out
Fehler in der Polling-Schleife: The read operation timed out
Fehler in der Polling-Schleife: The read operation timed out
Fehler in der Polling-Schleife: The read operation timed out
Fehler in der Polling-Schleife: The read operation timed out
Fehler in der Polling-Schleife: The read operation timed out
Fehler in der Polling-Schleife: The read operation timed out
Fehler in der Polling-Schleife: The read operation timed out
Fehler in der Polling-Schleife: The read operation timed out
Fehler in der Polling-Schleife: The read operation timed out
Fehler in der Polling-Schleife: The read operation timed out
Fehler in der Polling-Schleife: [Errno 54] Connection reset by peer
Fehler in der Polling-Schleife: The read operation timed out
Fehler in der Polling-Schleife: The read operation timed out
Fehler in der Polling-Schleife: The read operation timed out
Fehler in der Polling-Schleife: The read operation timed out
Fehler in der Polling-Schleife: The read operation timed out
Fehler in der Polling-Schleife: The read operation timed out
Fehler in der Polling-Schleife: The read operation timed out
Fehler in der Polling-Schleife: [Errno 54] Connection reset by peer
Fehler in der Polling-Schleife: [Errno 54] Connection reset by peer
Fehler in der Polling-Schleife: The read operation timed out
Fehler in der Polling-Schleife: The read operation timed out
Fehler in der Polling-Schleife: The read operation timed out
Fehler in der Polling-Schleife: The read operation timed out
Fehler in der Polling-Schleife: The read operation timed out
Fehler in der Polling-Schleife: The read operation timed out
Fehler in der Polling-Schleife: The read operation timed out
Fehler in der Polling-Schleife: The read operation timed out
Fehler in der Polling-Schleife: The read operation timed out
Fehler in der Polling-Schleife: The read operation timed out
Fehler in der Polling-Schleife: The read operation timed out
Fehler in der Polling-Schleife: The read operation timed out
Fehler in der Polling-Schleife: The read operation timed out
Fehler in der Polling-Schleife: The read operation timed out
Fehler in der Polling-Schleife: The read operation timed out
Fehler in der Polling-Schleife: The read operation timed out
Fehler in der Polling-Schleife: The read operation timed out
Fehler in der Polling-Schleife: The read operation timed out
Fehler in der Polling-Schleife: The read operation timed out
Fehler in der Polling-Schleife: The read operation timed out
Fehler in der Polling-Schleife: The read operation timed out
Fehler in der Polling-Schleife: <urlopen error [Errno 8] nodename nor servname provided, or not known>
Fehler in der Polling-Schleife: <urlopen error [Errno 8] nodename nor servname provided, or not known>
Fehler in der Polling-Schleife: <urlopen error [Errno 8] nodename nor servname provided, or not known>
Fehler in der Polling-Schleife: <urlopen error [Errno 8] nodename nor servname provided, or not known>
Fehler in der Polling-Schleife: <urlopen error [Errno 8] nodename nor servname provided, or not known>
Fehler in der Polling-Schleife: [Errno 54] Connection reset by peer
Fehler in der Polling-Schleife: The read operation timed out
Fehler in der Polling-Schleife: [Errno 54] Connection reset by peer
Fehler in der Polling-Schleife: The read operation timed out
Fehler in der Polling-Schleife: The read operation timed out
Fehler in der Polling-Schleife: The read operation timed out
Fehler in der Polling-Schleife: [Errno 54] Connection reset by peer
Fehler in der Polling-Schleife: The read operation timed out
Fehler in der Polling-Schleife: [Errno 54] Connection reset by peer
Fehler in der Polling-Schleife: The read operation timed out
Fehler in der Polling-Schleife: The read operation timed out
Fehler in der Polling-Schleife: The read operation timed out
Fehler in der Polling-Schleife: [Errno 54] Connection reset by peer
Fehler in der Polling-Schleife: The read operation timed out
Fehler in der Polling-Schleife: The read operation timed out
Fehler in der Polling-Schleife: The read operation timed out
Fehler in der Polling-Schleife: The read operation timed out
Fehler in der Polling-Schleife: The read operation timed out
Fehler in der Polling-Schleife: The read operation timed out
Fehler in der Polling-Schleife: [Errno 54] Connection reset by peer
Fehler in der Polling-Schleife: The read operation timed out
Interaktiver Telegram-Bot-Dienst gestartet...
Fehler in der Polling-Schleife: [Errno 54] Connection reset by peer
Fehler in der Polling-Schleife: [Errno 54] Connection reset by peer
Verbindungsfehler (wird in 5s wiederholt): <urlopen error [Errno 8] nodename nor servname provided, or not known>
Verbindungsfehler (wird in 5s wiederholt): <urlopen error [Errno 8] nodename nor servname provided, or not known>
Verbindungsfehler (wird in 5s wiederholt): <urlopen error [Errno 8] nodename nor servname provided, or not known>
Verbindungsfehler (wird in 5s wiederholt): <urlopen error [Errno 8] nodename nor servname provided, or not known>
